Arguments: 
  /usr/local/Cellar/node/11.0.0/bin/node /usr/local/Cellar/yarn/1.10.1/libexec/bin/yarn.js install

PATH: 
  /Users/evangoodwin/anaconda3/bin:/usr/local/bin:/usr/bin:/bin:/usr/sbin:/sbin:/Library/Frameworks/Mono.framework/Versions/Current/Commands

Yarn version: 
  1.10.1

Node version: 
  11.0.0

Platform: 
  darwin x64

Trace: 
  SyntaxError: /Users/evangoodwin/scrape/qbe/package.json: Unexpected token } in JSON at position 731
      at JSON.parse (<anonymous>)
      at /usr/local/Cellar/yarn/1.10.1/libexec/lib/cli.js:1136:59
      at Generator.next (<anonymous>)
      at step (/usr/local/Cellar/yarn/1.10.1/libexec/lib/cli.js:98:30)
      at /usr/local/Cellar/yarn/1.10.1/libexec/lib/cli.js:109:13

npm manifest: 
  {
    "name": "qbe",
    "version": "1.0.0",
    "main": "index.js",
    "license": "MIT",
    "scripts": {
      "start": "node -r dotenv/config src/index.js",
      "debug": "nodemon -e js,graphql -x node --inspect -r dotenv/config src/index.js",
      "playground": "graphql playground",
      "dev": "npm-run-all --parallel start playground"
    },
    "dependencies": {
      "bcryptjs": "2.4.3",
      "dotenv": "^6.1.0",
      "graphql-yoga": "1.16.7",
      "jsonwebtoken": "8.3.0",
      "moment": "^2.22.2",
      "prisma-binding": "^2.2.8"
    },
    "devDependencies": {
      "graphql-cli": "2.16.7",
      "nodemon": "1.18.5",
      "npm-run-all": "4.1.3",
      "prisma": "1.7.1"
    },
    "resolutions": {
      "graphql": "14.0.2",
      "**/graphql": "14.0.2"
    }
  }
  }

yarn manifest: 
  No manifest

Lockfile: 
  No lockfile
